2021-02-21 23:47:55,682: INFO: data_params
	data_dir: ./muse_data/
	languages: [{'filename': 'wiki.en.vec', 'name': 'en'}, {'filename': 'wiki.fr.vec', 'name': 'fr'}]
	mean_center: True
	mode: rand
	max_freq: 20000
	output_dir: ./output/RMP/en-fr
	supervised: {'fname': 'en-fr.0-5000.txt', 'random': True, 'max_count': 1000}
	unit_norm: True
	unsupervised: True
	save_dir: ./output/RMP/en-fr/run-19
2021-02-21 23:47:55,683: INFO: model_params
	init_epsilon: 0.05
	init_iter: 100
	init_vocab: 2500
	binary_P: True
	lr: 500
	epoches: 0
	lambda_KL: 0.001
	epsilon: 0.05
	bsz: 500
	steps: 200
	refine_epochs: 5
	refine_dict_size: 10000
	refine_tgt_rank: 15000
	refine_thresh: 0.0
	num_tgts: 100000
	sup_steps: 2000
	sup_bsz: 400
	logafter: 10
	opt_params: {'name': 'SGD', 'lr': 1.0}
2021-02-21 23:47:59,887: INFO: EN-Embedding Unit Norming
2021-02-21 23:47:59,901: INFO: EN-Embedding Mean Centering
2021-02-21 23:47:59,902: INFO: EN-Embedding Unit Norming
2021-02-21 23:48:00,460: INFO: FR-Embedding Unit Norming
2021-02-21 23:48:00,466: INFO: FR-Embedding Mean Centering
2021-02-21 23:48:00,466: INFO: FR-Embedding Unit Norming
2021-02-21 23:48:02,313: INFO: [W Proc. optimization]
2021-02-21 23:49:27,251: INFO: start of refine Epoch 1/5
2021-02-21 23:52:43,244: INFO: Using Mode: csls
2021-02-21 23:52:43,533: INFO: Total: 1500, Precision@1:  3.47, @5:  8.13, @10: 11.33
2021-02-21 23:52:43,533: INFO: Using Mode: csls
2021-02-21 23:52:44,093: INFO: Removed 0 hub elements For unsupervised
2021-02-21 23:52:44,094: INFO: Unsupervised: 0.0651
2021-02-21 23:52:44,094: INFO: Metric unsupervised improved from -1.00 to 0.07
2021-02-21 23:52:47,923: INFO: Finished refine epoch (1 / 5). Took 196.90s. Obj 44.856.
2021-02-21 23:52:47,923: INFO: start of refine Epoch 2/5
