2021-02-21 22:10:28,531: INFO: data_params
	data_dir: ./muse_data/
	languages: [{'filename': 'wiki.en.vec', 'name': 'en'}, {'filename': 'wiki.fr.vec', 'name': 'fr'}]
	mean_center: True
	mode: rand
	max_freq: 20000
	output_dir: ./output/RMP/en-fr
	supervised: {'fname': 'en-fr.0-5000.txt', 'random': True, 'max_count': 1000}
	unit_norm: True
	unsupervised: True
	save_dir: ./output/RMP/en-fr/run-3
2021-02-21 22:10:28,531: INFO: model_params
	init_epsilon: 0.05
	init_iter: 100
	init_vocab: 2500
	binary_P: True
	lr: 500
	epoches: 6
	lambda_KL: 0.001
	epsilon: 0.05
	bsz: 500
	steps: 2000
	refine_epochs: 5
	refine_dict_size: 10000
	refine_tgt_rank: 15000
	refine_thresh: 0.0
	num_tgts: 10
2021-02-21 22:10:32,594: INFO: EN-Embedding Unit Norming
2021-02-21 22:10:32,609: INFO: EN-Embedding Mean Centering
2021-02-21 22:10:32,610: INFO: EN-Embedding Unit Norming
2021-02-21 22:10:33,211: INFO: FR-Embedding Unit Norming
2021-02-21 22:10:33,219: INFO: FR-Embedding Mean Centering
2021-02-21 22:10:33,219: INFO: FR-Embedding Unit Norming
2021-02-21 22:10:35,031: INFO: [W Proc. optimization]
2021-02-21 22:11:54,306: INFO: start of Epoch 1/6
2021-02-21 22:15:47,138: INFO: Using Mode: csls
2021-02-21 22:15:47,945: INFO: Total: 1500, Precision@1: 38.60, @5: 59.13, @10: 66.60
2021-02-21 22:15:47,946: INFO: Using Mode: csls
2021-02-21 22:15:48,323: INFO: Removed 42 hub elements For unsupervised
2021-02-21 22:15:48,324: INFO: Unsupervised: 0.0454
2021-02-21 22:15:48,324: INFO: Metric unsupervised improved from -1.00 to 0.05
2021-02-21 22:15:48,943: INFO: Finished epoch (1 / 6). Took 234.07s. Obj 12.207.
2021-02-21 22:15:48,944: INFO: start of Epoch 2/6
2021-02-21 22:17:49,255: INFO: Using Mode: csls
2021-02-21 22:17:49,531: INFO: Total: 1500, Precision@1: 74.47, @5: 86.40, @10: 90.33
2021-02-21 22:17:49,531: INFO: Using Mode: csls
2021-02-21 22:17:50,080: INFO: Removed 0 hub elements For unsupervised
2021-02-21 22:17:50,080: INFO: Unsupervised: 0.1484
2021-02-21 22:17:50,080: INFO: Metric unsupervised improved from 0.05 to 0.15
2021-02-21 22:17:53,750: INFO: Finished epoch (2 / 6). Took 121.18s. Obj 11.771.
2021-02-21 22:17:53,750: INFO: start of Epoch 3/6
2021-02-21 22:18:22,143: INFO: Using Mode: csls
2021-02-21 22:18:22,373: INFO: Total: 1500, Precision@1: 80.00, @5: 89.33, @10: 91.40
2021-02-21 22:18:22,373: INFO: Using Mode: csls
2021-02-21 22:18:22,813: INFO: Removed 0 hub elements For unsupervised
2021-02-21 22:18:22,813: INFO: Unsupervised: 0.1865
2021-02-21 22:18:22,814: INFO: Metric unsupervised improved from 0.15 to 0.19
2021-02-21 22:18:24,224: INFO: Finished epoch (3 / 6). Took 29.10s. Obj 11.330.
2021-02-21 22:18:24,224: INFO: start of Epoch 4/6
2021-02-21 22:18:36,929: INFO: Using Mode: csls
2021-02-21 22:18:37,121: INFO: Total: 1500, Precision@1: 80.60, @5: 90.13, @10: 92.07
2021-02-21 22:18:37,121: INFO: Using Mode: csls
2021-02-21 22:18:37,485: INFO: Removed 0 hub elements For unsupervised
2021-02-21 22:18:37,486: INFO: Unsupervised: 0.2049
2021-02-21 22:18:37,486: INFO: Metric unsupervised improved from 0.19 to 0.20
2021-02-21 22:18:38,754: INFO: Finished epoch (4 / 6). Took 13.30s. Obj 11.104.
2021-02-21 22:18:38,755: INFO: start of Epoch 5/6
2021-02-21 22:18:48,853: INFO: Using Mode: csls
2021-02-21 22:18:49,100: INFO: Total: 1500, Precision@1: 81.47, @5: 90.33, @10: 92.40
2021-02-21 22:18:49,100: INFO: Using Mode: csls
2021-02-21 22:18:49,487: INFO: Removed 0 hub elements For unsupervised
2021-02-21 22:18:49,487: INFO: Unsupervised: 0.2131
2021-02-21 22:18:49,487: INFO: Metric unsupervised improved from 0.20 to 0.21
2021-02-21 22:18:50,808: INFO: Finished epoch (5 / 6). Took 10.78s. Obj 11.023.
2021-02-21 22:18:50,808: INFO: start of Epoch 6/6
2021-02-21 22:18:59,343: INFO: Using Mode: csls
2021-02-21 22:18:59,561: INFO: Total: 1500, Precision@1: 82.00, @5: 90.40, @10: 92.53
2021-02-21 22:18:59,562: INFO: Using Mode: csls
2021-02-21 22:18:59,948: INFO: Removed 0 hub elements For unsupervised
2021-02-21 22:18:59,949: INFO: Unsupervised: 0.2165
2021-02-21 22:18:59,949: INFO: Metric unsupervised improved from 0.21 to 0.22
2021-02-21 22:19:01,263: INFO: Finished epoch (6 / 6). Took 9.21s. Obj 10.998.
2021-02-21 22:19:01,264: INFO: start of refine Epoch 1/5
