2021-02-21 23:33:53,522: INFO: data_params
	data_dir: ./muse_data/
	languages: [{'filename': 'wiki.en.vec', 'name': 'en'}, {'filename': 'wiki.fr.vec', 'name': 'fr'}]
	mean_center: True
	mode: rand
	max_freq: 20000
	output_dir: ./output/RMP/en-fr
	supervised: {'fname': 'en-fr.0-5000.txt', 'random': True, 'max_count': 1000}
	unit_norm: True
	unsupervised: True
	save_dir: ./output/RMP/en-fr/run-15
2021-02-21 23:33:53,522: INFO: model_params
	init_epsilon: 0.05
	init_iter: 100
	init_vocab: 2500
	binary_P: True
	lr: 500
	epoches: 6
	lambda_KL: 0.001
	epsilon: 0.05
	bsz: 500
	steps: 2000
	refine_epochs: 0
	refine_dict_size: 10000
	refine_tgt_rank: 15000
	refine_thresh: 0.0
	num_tgts: 10
	sup_steps: 2000
	sup_bsz: 400
	logafter: 10
	opt_params: {'name': 'SGD', 'lr': 1.0}
2021-02-21 23:33:57,699: INFO: EN-Embedding Unit Norming
2021-02-21 23:33:57,713: INFO: EN-Embedding Mean Centering
2021-02-21 23:33:57,713: INFO: EN-Embedding Unit Norming
2021-02-21 23:33:58,256: INFO: FR-Embedding Unit Norming
2021-02-21 23:33:58,264: INFO: FR-Embedding Mean Centering
2021-02-21 23:33:58,265: INFO: FR-Embedding Unit Norming
2021-02-21 23:34:00,069: INFO: [W Proc. optimization]
2021-02-21 23:35:18,797: INFO: start of Epoch 1/6
