2021-02-21 23:19:53,041: INFO: data_params
	data_dir: ./muse_data/
	languages: [{'filename': 'wiki.en.vec', 'name': 'en'}, {'filename': 'wiki.fr.vec', 'name': 'fr'}]
	mean_center: True
	mode: rand
	max_freq: 20000
	output_dir: ./output/RMP/en-fr
	supervised: {'fname': 'en-fr.0-5000.txt', 'random': True, 'max_count': 1000}
	unit_norm: True
	unsupervised: True
	save_dir: ./output/RMP/en-fr/run-14
2021-02-21 23:19:53,041: INFO: model_params
	init_epsilon: 0.05
	init_iter: 100
	init_vocab: 2500
	binary_P: True
	lr: 500
	epoches: 6
	lambda_KL: 0.001
	epsilon: 0.05
	bsz: 500
	steps: 2000
	refine_epochs: 5
	refine_dict_size: 10000
	refine_tgt_rank: 15000
	refine_thresh: 0.0
	num_tgts: 10
	sup_steps: 2000
	sup_bsz: 400
	logafter: 10
	opt_params: {'name': 'SGD', 'lr': 1.0}
2021-02-21 23:19:57,400: INFO: EN-Embedding Unit Norming
2021-02-21 23:19:57,410: INFO: EN-Embedding Mean Centering
2021-02-21 23:19:57,411: INFO: EN-Embedding Unit Norming
2021-02-21 23:19:57,985: INFO: FR-Embedding Unit Norming
2021-02-21 23:19:57,991: INFO: FR-Embedding Mean Centering
2021-02-21 23:19:57,991: INFO: FR-Embedding Unit Norming
2021-02-21 23:19:59,805: INFO: [W Proc. optimization]
2021-02-21 23:21:23,615: INFO: start of Epoch 1/6
2021-02-21 23:25:19,531: INFO: Using Mode: csls
2021-02-21 23:25:19,745: INFO: Total: 1500, Precision@1: 39.73, @5: 58.60, @10: 64.13
2021-02-21 23:25:19,745: INFO: Using Mode: csls
2021-02-21 23:25:20,131: INFO: Removed 63 hub elements For unsupervised
2021-02-21 23:25:20,132: INFO: Unsupervised: 0.0455
2021-02-21 23:25:20,132: INFO: Metric unsupervised improved from -1.00 to 0.05
2021-02-21 23:25:21,350: INFO: Finished epoch (1 / 6). Took 236.55s. Obj 12.213.
2021-02-21 23:25:21,350: INFO: start of Epoch 2/6
2021-02-21 23:27:11,649: INFO: Using Mode: csls
2021-02-21 23:27:11,871: INFO: Total: 1500, Precision@1: 67.00, @5: 80.13, @10: 83.00
2021-02-21 23:27:11,872: INFO: Using Mode: csls
2021-02-21 23:27:12,258: INFO: Removed 47 hub elements For unsupervised
2021-02-21 23:27:12,258: INFO: Unsupervised: 0.1346
2021-02-21 23:27:12,258: INFO: Metric unsupervised improved from 0.05 to 0.13
2021-02-21 23:27:13,644: INFO: Finished epoch (2 / 6). Took 110.96s. Obj 11.834.
2021-02-21 23:27:13,645: INFO: start of Epoch 3/6
2021-02-21 23:27:46,801: INFO: Using Mode: csls
2021-02-21 23:27:47,161: INFO: Total: 1500, Precision@1: 72.93, @5: 84.00, @10: 85.80
2021-02-21 23:27:47,161: INFO: Using Mode: csls
2021-02-21 23:27:47,782: INFO: Removed 0 hub elements For unsupervised
2021-02-21 23:27:47,783: INFO: Unsupervised: 0.1711
2021-02-21 23:27:47,783: INFO: Metric unsupervised improved from 0.13 to 0.17
2021-02-21 23:27:51,366: INFO: Finished epoch (3 / 6). Took 34.18s. Obj 11.390.
2021-02-21 23:27:51,367: INFO: start of Epoch 4/6
2021-02-21 23:28:10,657: INFO: Using Mode: csls
2021-02-21 23:28:10,951: INFO: Total: 1500, Precision@1: 74.27, @5: 84.40, @10: 87.40
2021-02-21 23:28:10,952: INFO: Using Mode: csls
2021-02-21 23:28:11,387: INFO: Removed 78 hub elements For unsupervised
2021-02-21 23:28:11,388: INFO: Unsupervised: 0.1890
2021-02-21 23:28:11,388: INFO: Metric unsupervised improved from 0.17 to 0.19
2021-02-21 23:28:12,821: INFO: Finished epoch (4 / 6). Took 20.06s. Obj 11.192.
2021-02-21 23:28:12,822: INFO: start of Epoch 5/6
2021-02-21 23:28:24,348: INFO: Using Mode: csls
2021-02-21 23:28:24,657: INFO: Total: 1500, Precision@1: 75.80, @5: 85.73, @10: 88.20
2021-02-21 23:28:24,658: INFO: Using Mode: csls
2021-02-21 23:28:25,074: INFO: Removed 68 hub elements For unsupervised
2021-02-21 23:28:25,074: INFO: Unsupervised: 0.1986
2021-02-21 23:28:25,074: INFO: Metric unsupervised improved from 0.19 to 0.20
2021-02-21 23:28:26,554: INFO: Finished epoch (5 / 6). Took 12.29s. Obj 11.110.
2021-02-21 23:28:26,555: INFO: start of Epoch 6/6
2021-02-21 23:28:35,085: INFO: Using Mode: csls
2021-02-21 23:28:35,281: INFO: Total: 1500, Precision@1: 76.53, @5: 86.13, @10: 88.47
2021-02-21 23:28:35,281: INFO: Using Mode: csls
2021-02-21 23:28:35,645: INFO: Removed 91 hub elements For unsupervised
2021-02-21 23:28:35,645: INFO: Unsupervised: 0.2028
2021-02-21 23:28:35,645: INFO: Metric unsupervised improved from 0.20 to 0.20
2021-02-21 23:28:36,886: INFO: Finished epoch (6 / 6). Took 9.12s. Obj 11.086.
2021-02-21 23:28:36,886: INFO: start of refine Epoch 1/5
2021-02-21 23:29:57,413: INFO: Using Mode: csls
2021-02-21 23:29:57,706: INFO: Total: 1500, Precision@1: 30.27, @5: 50.33, @10: 58.27
2021-02-21 23:29:57,707: INFO: Using Mode: csls
2021-02-21 23:29:58,353: INFO: Removed 1352 hub elements For unsupervised
2021-02-21 23:29:58,353: INFO: Unsupervised: -0.0476
2021-02-21 23:29:58,634: INFO: Finished refine epoch (1 / 5). Took 81.52s. Obj nan.
2021-02-21 23:29:58,634: INFO: start of refine Epoch 2/5
