2021-02-21 21:41:17,818: INFO: data_params
	data_dir: ./muse_data/
	languages: [{'filename': 'wiki.en.vec', 'name': 'en'}, {'filename': 'wiki.fr.vec', 'name': 'fr'}]
	mean_center: True
	mode: rand
	max_freq: 20000
	output_dir: ./output/RMP/en-fr
	supervised: {'fname': 'en-fr.0-5000.txt', 'random': True, 'max_count': 1000}
	unit_norm: True
	unsupervised: True
	save_dir: ./output/RMP/en-fr/run-0
2021-02-21 21:41:17,819: INFO: model_params
	init_epsilon: 0.05
	init_iter: 100
	init_vocab: 2500
	binary_P: True
	lr: 500
	epoches: 6
	lambda_KL: 0.001
	epsilon: 0.05
	bsz: 500
	steps: 2000
	refine_epochs: 5
	refine_dict_size: 8000
	refine_tgt_rank: 15000
	refine_thresh: 0.0
	num_tgts: 10
2021-02-21 21:41:21,761: INFO: EN-Embedding Unit Norming
2021-02-21 21:41:21,773: INFO: EN-Embedding Mean Centering
2021-02-21 21:41:21,774: INFO: EN-Embedding Unit Norming
2021-02-21 21:41:22,404: INFO: FR-Embedding Unit Norming
2021-02-21 21:41:22,409: INFO: FR-Embedding Mean Centering
2021-02-21 21:41:22,410: INFO: FR-Embedding Unit Norming
2021-02-21 21:41:24,632: INFO: [W Proc. optimization]
2021-02-21 21:43:09,661: INFO: start of Epoch 1/6
2021-02-21 21:47:45,550: INFO: Using Mode: csls
2021-02-21 21:47:45,745: INFO: Total: 1500, Precision@1: 40.93, @5: 58.27, @10: 64.60
2021-02-21 21:47:45,745: INFO: Using Mode: csls
2021-02-21 21:47:46,100: INFO: Removed 21 hub elements For unsupervised
2021-02-21 21:47:46,100: INFO: Unsupervised: 0.0429
2021-02-21 21:47:46,100: INFO: Metric unsupervised improved from -1.00 to 0.04
